app/build/intermediates/manifest_merge_blame_file/debug/manifest-merger-blame-debug-report.txt
1<?xml version="1.0" encoding="utf-8"?>
2<manifest xmlns:android="http://schemas.android.com/apk/res/android"
3    package="com.example.cs125final"
4    android:versionCode="1"
5    android:versionName="1.0" >
6
7    <uses-sdk
8        android:minSdkVersion="16"
9        android:targetSdkVersion="29" />
10
11    <uses-permission android:name="android.permission.ACCESS_MOCK_LOCATION" />
11-->src/debug/AndroidManifest.xml:3:5-79
11-->src/debug/AndroidManifest.xml:3:22-76
12    <uses-permission android:name="android.permission.INTERNET" />
12-->src/main/AndroidManifest.xml:5:5-67
12-->src/main/AndroidManifest.xml:5:22-64
13    <uses-permission android:name="android.permission.ACCESS_FINE_LOCATION" />
13-->src/main/AndroidManifest.xml:6:5-79
13-->src/main/AndroidManifest.xml:6:22-76
14    <uses-permission android:name="android.permission.ACCESS_COARSE_LOCATION" />
14-->src/main/AndroidManifest.xml:7:5-81
14-->src/main/AndroidManifest.xml:7:22-78
15    <uses-permission android:name="android.permission.ACCESS_WIFI_STATE" />
15-->[com.google.android.libraries.places:places:2.2.0] AndroidManifest.xml:10:5-76
15-->[com.google.android.libraries.places:places:2.2.0] AndroidManifest.xml:10:22-73
16    <uses-permission android:name="android.permission.ACCESS_NETWORK_STATE" />
16-->[com.firebaseui:firebase-ui-auth:6.2.0] AndroidManifest.xml:12:5-79
16-->[com.firebaseui:firebase-ui-auth:6.2.0] AndroidManifest.xml:12:22-76
17
18    <uses-feature
18-->[com.google.android.gms:play-services-maps:17.0.0] AndroidManifest.xml:26:5-28:35
19        android:glEsVersion="0x00020000"
19-->[com.google.android.gms:play-services-maps:17.0.0] AndroidManifest.xml:27:9-41
20        android:required="true" />
20-->[com.google.android.gms:play-services-maps:17.0.0] AndroidManifest.xml:28:9-32
21
22    <uses-permission android:name="android.permission.WAKE_LOCK" />
22-->[com.google.android.gms:play-services-measurement:17.2.2] AndroidManifest.xml:25:5-68
22-->[com.google.android.gms:play-services-measurement:17.2.2] AndroidManifest.xml:25:22-65
23    <uses-permission android:name="com.google.android.finsky.permission.BIND_GET_INSTALL_REFERRER_SERVICE" /> <!-- Required by older versions of Google Play services to create IID tokens -->
23-->[com.google.android.gms:play-services-measurement:17.2.2] AndroidManifest.xml:26:5-110
23-->[com.google.android.gms:play-services-measurement:17.2.2] AndroidManifest.xml:26:22-107
24    <uses-permission android:name="com.google.android.c2dm.permission.RECEIVE" />
24-->[com.google.firebase:firebase-iid:20.0.2] AndroidManifest.xml:26:5-82
24-->[com.google.firebase:firebase-iid:20.0.2] AndroidManifest.xml:26:22-79
25
26    <application
26-->src/main/AndroidManifest.xml:9:5-29:19
27        android:name="androidx.multidex.MultiDexApplication"
28        android:allowBackup="true"
28-->src/main/AndroidManifest.xml:10:9-35
29        android:appComponentFactory="androidx.core.app.CoreComponentFactory"
29-->[androidx.core:core:1.1.0] AndroidManifest.xml:24:18-86
30        android:debuggable="true"
31        android:hardwareAccelerated="true"
31-->src/main/AndroidManifest.xml:11:9-43
32        android:icon="@mipmap/ic_launcher"
32-->src/main/AndroidManifest.xml:12:9-43
33        android:label="@string/app_name"
33-->src/main/AndroidManifest.xml:13:9-41
34        android:roundIcon="@mipmap/ic_launcher_round"
34-->src/main/AndroidManifest.xml:14:9-54
35        android:supportsRtl="true"
35-->src/main/AndroidManifest.xml:15:9-35
36        android:testOnly="true"
37        android:theme="@style/AppTheme" >
37-->src/main/AndroidManifest.xml:16:9-40
38        <activity android:name="com.example.cs125final.LaunchActivity" >
38-->src/main/AndroidManifest.xml:17:9-23:20
38-->src/main/AndroidManifest.xml:17:19-49
39            <intent-filter>
39-->src/main/AndroidManifest.xml:18:13-22:29
40                <action android:name="android.intent.action.MAIN" />
40-->src/main/AndroidManifest.xml:19:17-69
40-->src/main/AndroidManifest.xml:19:25-66
41
42                <category android:name="android.intent.category.LAUNCHER" />
42-->src/main/AndroidManifest.xml:21:17-77
42-->src/main/AndroidManifest.xml:21:27-74
43            </intent-filter>
44        </activity>
45        <activity android:name="com.example.cs125final.MainActivity" />
45-->src/main/AndroidManifest.xml:24:9-59
45-->src/main/AndroidManifest.xml:24:19-47
46
47        <meta-data
47-->src/main/AndroidManifest.xml:26:9-28:70
48            android:name="com.google.android.gms.ads.APPLICATION_ID"
48-->src/main/AndroidManifest.xml:27:13-69
49            android:value="ca-app-pub-9866696595015640~1738197001" />
49-->src/main/AndroidManifest.xml:28:13-67
50
51        <activity
51-->[com.google.android.libraries.places:places:2.2.0] AndroidManifest.xml:14:9-20:20
52            android:name="com.google.android.libraries.places.widget.AutocompleteActivity"
52-->[com.google.android.libraries.places:places:2.2.0] AndroidManifest.xml:15:13-91
53            android:exported="false"
53-->[com.google.android.libraries.places:places:2.2.0] AndroidManifest.xml:16:13-37
54            android:label="@string/places_autocomplete_label"
54-->[com.google.android.libraries.places:places:2.2.0] AndroidManifest.xml:17:13-62
55            android:theme="@style/PlacesAutocompleteOverlay"
55-->[com.google.android.libraries.places:places:2.2.0] AndroidManifest.xml:18:13-61
56            android:windowSoftInputMode="adjustResize" >
56-->[com.google.android.libraries.places:places:2.2.0] AndroidManifest.xml:19:13-55
57        </activity>
58
59        <meta-data
59-->[com.firebaseui:firebase-ui-auth:6.2.0] AndroidManifest.xml:16:9-18:69
60            android:name="com.google.android.gms.version"
60-->[com.firebaseui:firebase-ui-auth:6.2.0] AndroidManifest.xml:17:13-58
61            android:value="@integer/google_play_services_version" />
61-->[com.firebaseui:firebase-ui-auth:6.2.0] AndroidManifest.xml:18:13-66
62        <meta-data
62-->[com.firebaseui:firebase-ui-auth:6.2.0] AndroidManifest.xml:19:9-21:63
63            android:name="com.facebook.sdk.ApplicationId"
63-->[com.firebaseui:firebase-ui-auth:6.2.0] AndroidManifest.xml:20:13-58
64            android:value="@string/facebook_application_id" />
64-->[com.firebaseui:firebase-ui-auth:6.2.0] AndroidManifest.xml:21:13-60
65
66        <activity
66-->[com.firebaseui:firebase-ui-auth:6.2.0] AndroidManifest.xml:23:9-27:61
67            android:name="com.firebase.ui.auth.KickoffActivity"
67-->[com.firebaseui:firebase-ui-auth:6.2.0] AndroidManifest.xml:24:13-64
68            android:exported="false"
68-->[com.firebaseui:firebase-ui-auth:6.2.0] AndroidManifest.xml:25:13-37
69            android:label=""
69-->[com.firebaseui:firebase-ui-auth:6.2.0] AndroidManifest.xml:26:13-29
70            android:theme="@style/FirebaseUI.Transparent" />
70-->[com.firebaseui:firebase-ui-auth:6.2.0] AndroidManifest.xml:27:13-58
71        <activity
71-->[com.firebaseui:firebase-ui-auth:6.2.0] AndroidManifest.xml:28:9-32:61
72            android:name="com.firebase.ui.auth.ui.idp.SingleSignInActivity"
72-->[com.firebaseui:firebase-ui-auth:6.2.0] AndroidManifest.xml:29:13-76
73            android:exported="false"
73-->[com.firebaseui:firebase-ui-auth:6.2.0] AndroidManifest.xml:30:13-37
74            android:label=""
74-->[com.firebaseui:firebase-ui-auth:6.2.0] AndroidManifest.xml:31:13-29
75            android:theme="@style/FirebaseUI.Transparent" />
75-->[com.firebaseui:firebase-ui-auth:6.2.0] AndroidManifest.xml:32:13-58
76        <activity
76-->[com.firebaseui:firebase-ui-auth:6.2.0] AndroidManifest.xml:33:9-37:61
77            android:name="com.firebase.ui.auth.ui.credentials.CredentialSaveActivity"
77-->[com.firebaseui:firebase-ui-auth:6.2.0] AndroidManifest.xml:34:13-86
78            android:exported="false"
78-->[com.firebaseui:firebase-ui-auth:6.2.0] AndroidManifest.xml:35:13-37
79            android:label=""
79-->[com.firebaseui:firebase-ui-auth:6.2.0] AndroidManifest.xml:36:13-29
80            android:theme="@style/FirebaseUI.Transparent" />
80-->[com.firebaseui:firebase-ui-auth:6.2.0] AndroidManifest.xml:37:13-58
81        <activity
81-->[com.firebaseui:firebase-ui-auth:6.2.0] AndroidManifest.xml:38:9-42:58
82            android:name="com.firebase.ui.auth.ui.email.RecoverPasswordActivity"
82-->[com.firebaseui:firebase-ui-auth:6.2.0] AndroidManifest.xml:39:13-81
83            android:exported="false"
83-->[com.firebaseui:firebase-ui-auth:6.2.0] AndroidManifest.xml:40:13-37
84            android:label="@string/fui_title_recover_password_activity"
84-->[com.firebaseui:firebase-ui-auth:6.2.0] AndroidManifest.xml:41:13-72
85            android:windowSoftInputMode="adjustResize" />
85-->[com.firebaseui:firebase-ui-auth:6.2.0] AndroidManifest.xml:42:13-55
86        <activity
86-->[com.firebaseui:firebase-ui-auth:6.2.0] AndroidManifest.xml:43:9-47:58
87            android:name="com.firebase.ui.auth.ui.email.EmailActivity"
87-->[com.firebaseui:firebase-ui-auth:6.2.0] AndroidManifest.xml:44:13-71
88            android:exported="false"
88-->[com.firebaseui:firebase-ui-auth:6.2.0] AndroidManifest.xml:45:13-37
89            android:label="@string/fui_sign_in_default"
89-->[com.firebaseui:firebase-ui-auth:6.2.0] AndroidManifest.xml:46:13-56
90            android:windowSoftInputMode="adjustResize" />
90-->[com.firebaseui:firebase-ui-auth:6.2.0] AndroidManifest.xml:47:13-55
91        <activity
91-->[com.firebaseui:firebase-ui-auth:6.2.0] AndroidManifest.xml:48:9-52:77
92            android:name="com.firebase.ui.auth.ui.phone.PhoneActivity"
92-->[com.firebaseui:firebase-ui-auth:6.2.0] AndroidManifest.xml:49:13-71
93            android:exported="false"
93-->[com.firebaseui:firebase-ui-auth:6.2.0] AndroidManifest.xml:50:13-37
94            android:label="@string/fui_sign_in_with_phone_number"
94-->[com.firebaseui:firebase-ui-auth:6.2.0] AndroidManifest.xml:51:13-66
95            android:windowSoftInputMode="adjustResize|stateAlwaysVisible" />
95-->[com.firebaseui:firebase-ui-auth:6.2.0] AndroidManifest.xml:52:13-74
96        <activity
96-->[com.firebaseui:firebase-ui-auth:6.2.0] AndroidManifest.xml:53:9-57:58
97            android:name="com.firebase.ui.auth.ui.idp.WelcomeBackIdpPrompt"
97-->[com.firebaseui:firebase-ui-auth:6.2.0] AndroidManifest.xml:54:13-76
98            android:exported="false"
98-->[com.firebaseui:firebase-ui-auth:6.2.0] AndroidManifest.xml:55:13-37
99            android:label="@string/fui_title_welcome_back_idp_prompt"
99-->[com.firebaseui:firebase-ui-auth:6.2.0] AndroidManifest.xml:56:13-70
100            android:windowSoftInputMode="adjustResize" />
100-->[com.firebaseui:firebase-ui-auth:6.2.0] AndroidManifest.xml:57:13-55
101        <activity
101-->[com.firebaseui:firebase-ui-auth:6.2.0] AndroidManifest.xml:58:9-62:58
102            android:name="com.firebase.ui.auth.ui.email.WelcomeBackPasswordPrompt"
102-->[com.firebaseui:firebase-ui-auth:6.2.0] AndroidManifest.xml:59:13-83
103            android:exported="false"
103-->[com.firebaseui:firebase-ui-auth:6.2.0] AndroidManifest.xml:60:13-37
104            android:label="@string/fui_title_welcome_back_password_prompt"
104-->[com.firebaseui:firebase-ui-auth:6.2.0] AndroidManifest.xml:61:13-75
105            android:windowSoftInputMode="adjustResize" />
105-->[com.firebaseui:firebase-ui-auth:6.2.0] AndroidManifest.xml:62:13-55
106        <activity
106-->[com.firebaseui:firebase-ui-auth:6.2.0] AndroidManifest.xml:63:9-67:58
107            android:name="com.firebase.ui.auth.ui.email.WelcomeBackEmailLinkPrompt"
107-->[com.firebaseui:firebase-ui-auth:6.2.0] AndroidManifest.xml:64:13-84
108            android:exported="false"
108-->[com.firebaseui:firebase-ui-auth:6.2.0] AndroidManifest.xml:65:13-37
109            android:label="@string/fui_title_welcome_back_password_prompt"
109-->[com.firebaseui:firebase-ui-auth:6.2.0] AndroidManifest.xml:66:13-75
110            android:windowSoftInputMode="adjustResize" />
110-->[com.firebaseui:firebase-ui-auth:6.2.0] AndroidManifest.xml:67:13-55
111        <activity
111-->[com.firebaseui:firebase-ui-auth:6.2.0] AndroidManifest.xml:68:9-73:58
112            android:name="com.firebase.ui.auth.ui.email.EmailLinkCatcherActivity"
112-->[com.firebaseui:firebase-ui-auth:6.2.0] AndroidManifest.xml:69:13-82
113            android:exported="false"
113-->[com.firebaseui:firebase-ui-auth:6.2.0] AndroidManifest.xml:70:13-37
114            android:label=""
114-->[com.firebaseui:firebase-ui-auth:6.2.0] AndroidManifest.xml:71:13-29
115            android:theme="@style/FirebaseUI.Transparent"
115-->[com.firebaseui:firebase-ui-auth:6.2.0] AndroidManifest.xml:72:13-58
116            android:windowSoftInputMode="adjustResize" />
116-->[com.firebaseui:firebase-ui-auth:6.2.0] AndroidManifest.xml:73:13-55
117        <activity
117-->[com.firebaseui:firebase-ui-auth:6.2.0] AndroidManifest.xml:74:9-78:58
118            android:name="com.firebase.ui.auth.ui.email.EmailLinkErrorRecoveryActivity"
118-->[com.firebaseui:firebase-ui-auth:6.2.0] AndroidManifest.xml:75:13-88
119            android:exported="false"
119-->[com.firebaseui:firebase-ui-auth:6.2.0] AndroidManifest.xml:76:13-37
120            android:label="@string/fui_sign_in_default"
120-->[com.firebaseui:firebase-ui-auth:6.2.0] AndroidManifest.xml:77:13-56
121            android:windowSoftInputMode="adjustResize" />
121-->[com.firebaseui:firebase-ui-auth:6.2.0] AndroidManifest.xml:78:13-55
122        <activity
122-->[com.firebaseui:firebase-ui-auth:6.2.0] AndroidManifest.xml:79:9-82:65
123            android:name="com.firebase.ui.auth.ui.idp.AuthMethodPickerActivity"
123-->[com.firebaseui:firebase-ui-auth:6.2.0] AndroidManifest.xml:80:13-80
124            android:exported="false"
124-->[com.firebaseui:firebase-ui-auth:6.2.0] AndroidManifest.xml:81:13-37
125            android:label="@string/fui_default_toolbar_title" />
125-->[com.firebaseui:firebase-ui-auth:6.2.0] AndroidManifest.xml:82:13-62
126        <activity
126-->[com.firebaseui:firebase-ui-auth:6.2.0] AndroidManifest.xml:83:9-87:48
127            android:name="com.facebook.FacebookActivity"
127-->[com.firebaseui:firebase-ui-auth:6.2.0] AndroidManifest.xml:84:13-57
128            android:configChanges="keyboard|keyboardHidden|screenLayout|screenSize|orientation"
128-->[com.firebaseui:firebase-ui-auth:6.2.0] AndroidManifest.xml:85:13-96
129            android:label="@string/app_name" />
129-->[com.firebaseui:firebase-ui-auth:6.2.0] AndroidManifest.xml:86:13-45
130        <activity
130-->[com.firebaseui:firebase-ui-auth:6.2.0] AndroidManifest.xml:88:9-100:20
131            android:name="com.facebook.CustomTabActivity"
131-->[com.firebaseui:firebase-ui-auth:6.2.0] AndroidManifest.xml:89:13-58
132            android:exported="true" >
132-->[com.firebaseui:firebase-ui-auth:6.2.0] AndroidManifest.xml:90:13-36
133            <intent-filter>
133-->[com.firebaseui:firebase-ui-auth:6.2.0] AndroidManifest.xml:92:13-99:29
134                <action android:name="android.intent.action.VIEW" />
134-->[com.firebaseui:firebase-ui-auth:6.2.0] AndroidManifest.xml:93:17-69
134-->[com.firebaseui:firebase-ui-auth:6.2.0] AndroidManifest.xml:93:25-66
135
136                <category android:name="android.intent.category.DEFAULT" />
136-->[com.firebaseui:firebase-ui-auth:6.2.0] AndroidManifest.xml:95:17-76
136-->[com.firebaseui:firebase-ui-auth:6.2.0] AndroidManifest.xml:95:27-73
137                <category android:name="android.intent.category.BROWSABLE" />
137-->[com.firebaseui:firebase-ui-auth:6.2.0] AndroidManifest.xml:96:17-78
137-->[com.firebaseui:firebase-ui-auth:6.2.0] AndroidManifest.xml:96:27-75
138
139                <data android:scheme="@string/facebook_login_protocol_scheme" />
139-->[com.firebaseui:firebase-ui-auth:6.2.0] AndroidManifest.xml:98:17-81
139-->[com.firebaseui:firebase-ui-auth:6.2.0] AndroidManifest.xml:98:23-78
140            </intent-filter>
141        </activity>
142
143        <provider
143-->[com.firebaseui:firebase-ui-auth:6.2.0] AndroidManifest.xml:102:9-106:38
144            android:name="com.firebase.ui.auth.data.client.AuthUiInitProvider"
144-->[com.firebaseui:firebase-ui-auth:6.2.0] AndroidManifest.xml:103:13-79
145            android:authorities="com.example.cs125final.authuiinitprovider"
145-->[com.firebaseui:firebase-ui-auth:6.2.0] AndroidManifest.xml:104:13-70
146            android:exported="false"
146-->[com.firebaseui:firebase-ui-auth:6.2.0] AndroidManifest.xml:105:13-37
147            android:initOrder="90" />
147-->[com.firebaseui:firebase-ui-auth:6.2.0] AndroidManifest.xml:106:13-35
148
149        <activity
149-->[com.google.firebase:firebase-auth:19.2.0] AndroidManifest.xml:24:9-31:50
150            android:name="com.google.firebase.auth.internal.FederatedSignInActivity"
150-->[com.google.firebase:firebase-auth:19.2.0] AndroidManifest.xml:25:13-85
151            android:excludeFromRecents="true"
151-->[com.google.firebase:firebase-auth:19.2.0] AndroidManifest.xml:26:13-46
152            android:exported="true"
152-->[com.google.firebase:firebase-auth:19.2.0] AndroidManifest.xml:27:13-36
153            android:launchMode="singleTask"
153-->[com.google.firebase:firebase-auth:19.2.0] AndroidManifest.xml:28:13-44
154            android:permission="com.google.firebase.auth.api.gms.permission.LAUNCH_FEDERATED_SIGN_IN"
154-->[com.google.firebase:firebase-auth:19.2.0] AndroidManifest.xml:29:13-102
155            android:theme="@android:style/Theme.Translucent.NoTitleBar" />
155-->[com.google.firebase:firebase-auth:19.2.0] AndroidManifest.xml:30:13-72
156
157        <service
157-->[com.google.firebase:firebase-auth:19.2.0] AndroidManifest.xml:33:9-39:19
158            android:name="com.google.firebase.components.ComponentDiscoveryService"
158-->[com.google.firebase:firebase-auth:19.2.0] AndroidManifest.xml:34:13-84
159            android:directBootAware="true"
159-->[com.google.firebase:firebase-common:19.3.0] AndroidManifest.xml:34:13-43
160            android:exported="false" >
160-->[com.google.firebase:firebase-auth:19.2.0] AndroidManifest.xml:35:13-37
161            <meta-data
161-->[com.google.firebase:firebase-auth:19.2.0] AndroidManifest.xml:36:13-38:85
162                android:name="com.google.firebase.components:com.google.firebase.auth.FirebaseAuthRegistrar"
162-->[com.google.firebase:firebase-auth:19.2.0] AndroidManifest.xml:37:17-109
163                android:value="com.google.firebase.components.ComponentRegistrar" />
163-->[com.google.firebase:firebase-auth:19.2.0] AndroidManifest.xml:38:17-82
164            <meta-data
164-->[com.google.android.gms:play-services-measurement-api:17.2.2] AndroidManifest.xml:30:13-32:85
165                android:name="com.google.firebase.components:com.google.firebase.analytics.connector.internal.AnalyticsConnectorRegistrar"
165-->[com.google.android.gms:play-services-measurement-api:17.2.2] AndroidManifest.xml:31:17-139
166                android:value="com.google.firebase.components.ComponentRegistrar" />
166-->[com.google.android.gms:play-services-measurement-api:17.2.2] AndroidManifest.xml:32:17-82
167            <meta-data
167-->[com.google.firebase:firebase-iid:20.0.2] AndroidManifest.xml:32:13-34:85
168                android:name="com.google.firebase.components:com.google.firebase.iid.Registrar"
168-->[com.google.firebase:firebase-iid:20.0.2] AndroidManifest.xml:33:17-96
169                android:value="com.google.firebase.components.ComponentRegistrar" />
169-->[com.google.firebase:firebase-iid:20.0.2] AndroidManifest.xml:34:17-82
170        </service> <!-- Needs to be explicitly declared on P+ -->
171        <uses-library
171-->[com.google.android.gms:play-services-maps:17.0.0] AndroidManifest.xml:33:9-35:40
172            android:name="org.apache.http.legacy"
172-->[com.google.android.gms:play-services-maps:17.0.0] AndroidManifest.xml:34:13-50
173            android:required="false" />
173-->[com.google.android.gms:play-services-maps:17.0.0] AndroidManifest.xml:35:13-37
174
175        <receiver
175-->[com.google.android.gms:play-services-measurement:17.2.2] AndroidManifest.xml:29:9-33:20
176            android:name="com.google.android.gms.measurement.AppMeasurementReceiver"
176-->[com.google.android.gms:play-services-measurement:17.2.2] AndroidManifest.xml:30:13-85
177            android:enabled="true"
177-->[com.google.android.gms:play-services-measurement:17.2.2] AndroidManifest.xml:31:13-35
178            android:exported="false" >
178-->[com.google.android.gms:play-services-measurement:17.2.2] AndroidManifest.xml:32:13-37
179        </receiver>
180        <receiver
180-->[com.google.android.gms:play-services-measurement:17.2.2] AndroidManifest.xml:34:9-42:20
181            android:name="com.google.android.gms.measurement.AppMeasurementInstallReferrerReceiver"
181-->[com.google.android.gms:play-services-measurement:17.2.2] AndroidManifest.xml:35:13-100
182            android:enabled="true"
182-->[com.google.android.gms:play-services-measurement:17.2.2] AndroidManifest.xml:36:13-35
183            android:exported="true"
183-->[com.google.android.gms:play-services-measurement:17.2.2] AndroidManifest.xml:37:13-36
184            android:permission="android.permission.INSTALL_PACKAGES" >
184-->[com.google.android.gms:play-services-measurement:17.2.2] AndroidManifest.xml:38:13-69
185            <intent-filter>
185-->[com.google.android.gms:play-services-measurement:17.2.2] AndroidManifest.xml:39:13-41:29
186                <action android:name="com.android.vending.INSTALL_REFERRER" />
186-->[com.google.android.gms:play-services-measurement:17.2.2] AndroidManifest.xml:40:17-79
186-->[com.google.android.gms:play-services-measurement:17.2.2] AndroidManifest.xml:40:25-76
187            </intent-filter>
188        </receiver>
189
190        <service
190-->[com.google.android.gms:play-services-measurement:17.2.2] AndroidManifest.xml:44:9-47:40
191            android:name="com.google.android.gms.measurement.AppMeasurementService"
191-->[com.google.android.gms:play-services-measurement:17.2.2] AndroidManifest.xml:45:13-84
192            android:enabled="true"
192-->[com.google.android.gms:play-services-measurement:17.2.2] AndroidManifest.xml:46:13-35
193            android:exported="false" />
193-->[com.google.android.gms:play-services-measurement:17.2.2] AndroidManifest.xml:47:13-37
194        <service
194-->[com.google.android.gms:play-services-measurement:17.2.2] AndroidManifest.xml:48:9-52:72
195            android:name="com.google.android.gms.measurement.AppMeasurementJobService"
195-->[com.google.android.gms:play-services-measurement:17.2.2] AndroidManifest.xml:49:13-87
196            android:enabled="true"
196-->[com.google.android.gms:play-services-measurement:17.2.2] AndroidManifest.xml:50:13-35
197            android:exported="false"
197-->[com.google.android.gms:play-services-measurement:17.2.2] AndroidManifest.xml:51:13-37
198            android:permission="android.permission.BIND_JOB_SERVICE" />
198-->[com.google.android.gms:play-services-measurement:17.2.2] AndroidManifest.xml:52:13-69
199
200        <receiver
200-->[com.google.firebase:firebase-iid:20.0.2] AndroidManifest.xml:37:9-44:20
201            android:name="com.google.firebase.iid.FirebaseInstanceIdReceiver"
201-->[com.google.firebase:firebase-iid:20.0.2] AndroidManifest.xml:38:13-78
202            android:exported="true"
202-->[com.google.firebase:firebase-iid:20.0.2] AndroidManifest.xml:39:13-36
203            android:permission="com.google.android.c2dm.permission.SEND" >
203-->[com.google.firebase:firebase-iid:20.0.2] AndroidManifest.xml:40:13-73
204            <intent-filter>
204-->[com.google.firebase:firebase-iid:20.0.2] AndroidManifest.xml:41:13-43:29
205                <action android:name="com.google.android.c2dm.intent.RECEIVE" />
205-->[com.google.firebase:firebase-iid:20.0.2] AndroidManifest.xml:42:17-81
205-->[com.google.firebase:firebase-iid:20.0.2] AndroidManifest.xml:42:25-78
206            </intent-filter>
207        </receiver>
208
209        <activity
209-->[com.google.android.gms:play-services-auth:17.0.0] AndroidManifest.xml:23:9-27:75
210            android:name="com.google.android.gms.auth.api.signin.internal.SignInHubActivity"
210-->[com.google.android.gms:play-services-auth:17.0.0] AndroidManifest.xml:24:13-93
211            android:excludeFromRecents="true"
211-->[com.google.android.gms:play-services-auth:17.0.0] AndroidManifest.xml:25:13-46
212            android:exported="false"
212-->[com.google.android.gms:play-services-auth:17.0.0] AndroidManifest.xml:26:13-37
213            android:theme="@android:style/Theme.Translucent.NoTitleBar" />
213-->[com.google.android.gms:play-services-auth:17.0.0] AndroidManifest.xml:27:13-72
214        <!--
215            Service handling Google Sign-In user revocation. For apps that do not integrate with
216            Google Sign-In, this service will never be started.
217        -->
218        <service
218-->[com.google.android.gms:play-services-auth:17.0.0] AndroidManifest.xml:33:9-36:110
219            android:name="com.google.android.gms.auth.api.signin.RevocationBoundService"
219-->[com.google.android.gms:play-services-auth:17.0.0] AndroidManifest.xml:34:13-89
220            android:exported="true"
220-->[com.google.android.gms:play-services-auth:17.0.0] AndroidManifest.xml:35:13-36
221            android:permission="com.google.android.gms.auth.api.signin.permission.REVOCATION_NOTIFICATION" />
221-->[com.google.android.gms:play-services-auth:17.0.0] AndroidManifest.xml:36:13-107
222
223        <activity
223-->[com.google.android.gms:play-services-base:17.1.0] AndroidManifest.xml:23:9-26:75
224            android:name="com.google.android.gms.common.api.GoogleApiActivity"
224-->[com.google.android.gms:play-services-base:17.1.0] AndroidManifest.xml:24:13-79
225            android:exported="false"
225-->[com.google.android.gms:play-services-base:17.1.0] AndroidManifest.xml:25:13-37
226            android:theme="@android:style/Theme.Translucent.NoTitleBar" />
226-->[com.google.android.gms:play-services-base:17.1.0] AndroidManifest.xml:26:13-72
227
228        <provider
228-->[com.google.firebase:firebase-common:19.3.0] AndroidManifest.xml:26:9-30:39
229            android:name="com.google.firebase.provider.FirebaseInitProvider"
229-->[com.google.firebase:firebase-common:19.3.0] AndroidManifest.xml:27:13-77
230            android:authorities="com.example.cs125final.firebaseinitprovider"
230-->[com.google.firebase:firebase-common:19.3.0] AndroidManifest.xml:28:13-72
231            android:exported="false"
231-->[com.google.firebase:firebase-common:19.3.0] AndroidManifest.xml:29:13-37
232            android:initOrder="100" /> <!-- Include the AdActivity and InAppPurchaseActivity configChanges and themes. -->
232-->[com.google.firebase:firebase-common:19.3.0] AndroidManifest.xml:30:13-36
233        <activity
233-->[com.google.android.gms:play-services-ads-lite:19.1.0] AndroidManifest.xml:29:9-33:64
234            android:name="com.google.android.gms.ads.AdActivity"
234-->[com.google.android.gms:play-services-ads-lite:19.1.0] AndroidManifest.xml:30:13-65
235            android:configChanges="keyboard|keyboardHidden|orientation|screenLayout|uiMode|screenSize|smallestScreenSize"
235-->[com.google.android.gms:play-services-ads-lite:19.1.0] AndroidManifest.xml:31:13-122
236            android:exported="false"
236-->[com.google.android.gms:play-services-ads-lite:19.1.0] AndroidManifest.xml:32:13-37
237            android:theme="@android:style/Theme.Translucent" />
237-->[com.google.android.gms:play-services-ads-lite:19.1.0] AndroidManifest.xml:33:13-61
238
239        <provider
239-->[com.google.android.gms:play-services-ads-lite:19.1.0] AndroidManifest.xml:35:9-39:39
240            android:name="com.google.android.gms.ads.MobileAdsInitProvider"
240-->[com.google.android.gms:play-services-ads-lite:19.1.0] AndroidManifest.xml:36:13-76
241            android:authorities="com.example.cs125final.mobileadsinitprovider"
241-->[com.google.android.gms:play-services-ads-lite:19.1.0] AndroidManifest.xml:37:13-73
242            android:exported="false"
242-->[com.google.android.gms:play-services-ads-lite:19.1.0] AndroidManifest.xml:38:13-37
243            android:initOrder="100" />
243-->[com.google.android.gms:play-services-ads-lite:19.1.0] AndroidManifest.xml:39:13-36
244
245        <service
245-->[com.google.android.datatransport:transport-backend-cct:2.1.0] AndroidManifest.xml:29:9-35:19
246            android:name="com.google.android.datatransport.runtime.backends.TransportBackendDiscovery"
246-->[com.google.android.datatransport:transport-backend-cct:2.1.0] AndroidManifest.xml:30:13-103
247            android:exported="false" >
247-->[com.google.android.datatransport:transport-backend-cct:2.1.0] AndroidManifest.xml:31:13-37
248            <meta-data
248-->[com.google.android.datatransport:transport-backend-cct:2.1.0] AndroidManifest.xml:32:13-34:39
249                android:name="backend:com.google.android.datatransport.cct.CctBackendFactory"
249-->[com.google.android.datatransport:transport-backend-cct:2.1.0] AndroidManifest.xml:33:17-94
250                android:value="cct" />
250-->[com.google.android.datatransport:transport-backend-cct:2.1.0] AndroidManifest.xml:34:17-36
251        </service>
252        <service
252-->[com.google.android.datatransport:transport-runtime:2.1.0] AndroidManifest.xml:26:9-30:19
253            android:name="com.google.android.datatransport.runtime.scheduling.jobscheduling.JobInfoSchedulerService"
253-->[com.google.android.datatransport:transport-runtime:2.1.0] AndroidManifest.xml:27:13-117
254            android:exported="false"
254-->[com.google.android.datatransport:transport-runtime:2.1.0] AndroidManifest.xml:28:13-37
255            android:permission="android.permission.BIND_JOB_SERVICE" >
255-->[com.google.android.datatransport:transport-runtime:2.1.0] AndroidManifest.xml:29:13-69
256        </service>
257
258        <receiver